2017/10/18 18:17:56:519   - Configuration Body: {
  "app" : {
    "appVersion" : "1.0",
    "bundleId" : "com.orchextra.ocmdemo",
    "buildVersion" : "3"
  },
  "device" : {
    "handset" : "iPhone 6s Plus",
    "os" : "iOS",
    "timeZone" : "Europe\/Madrid",
    "advertiserId" : "2046E0BD-E175-4C0C-BF66-2C6C2E00A0EA",
    "osVersion" : "11.0",
    "vendorId" : "1AC84740-0688-4E6A-86B0-0CF0EF5C12B7",
    "businessUnits" : [
      "it"
    ],
    "languaje" : "en_ES",
    "tags" : [

    ]
  }
}
2017/10/18 18:17:56:521  Orchextra has not api key either api secret - start orchextra before continuing.
2017/10/18 18:17:56:530   - Configuration Body: {
  "app" : {
    "appVersion" : "1.0",
    "bundleId" : "com.orchextra.ocmdemo",
    "buildVersion" : "3"
  },
  "device" : {
    "handset" : "iPhone 6s Plus",
    "os" : "iOS",
    "timeZone" : "Europe\/Madrid",
    "advertiserId" : "2046E0BD-E175-4C0C-BF66-2C6C2E00A0EA",
    "osVersion" : "11.0",
    "vendorId" : "1AC84740-0688-4E6A-86B0-0CF0EF5C12B7",
    "businessUnits" : [
      "it"
    ],
    "languaje" : "en_ES",
    "tags" : [

    ]
  }
}
2017/10/18 18:17:56:533  -- REQUEST: clientToken --
2017/10/18 18:17:56:533  URL: https://sdk.s.orchextra.io/v1/security/token
2017/10/18 18:17:56:533  Body (147): {"grantType":"auth_sdk","credentials":{"apiKey":"adfc8ba4340828a054bf061f692707a197af96cb","apiSecret":"677cf75a17aeec144ee402c281ad3a732d736a8a"}}
2017/10/18 18:17:56:781  -- RESPONSE: clientToken --
2017/10/18 18:17:56:781  URL: https://sdk.s.orchextra.io/v1/security/token
2017/10/18 18:17:56:781  Status Code: 200
2017/10/18 18:17:56:781  Body (300): {"status":true,"data":{"value":"1.Nn6qyIsAeplOf2wgdun8nu8mRTH2a+s\/8SI9V7NwfQ\/d9c+Y7oXiCO6oFTS2nHEzOmmrmIknbmv1F9T2fP58Qy6cA63d86WnV6y+1Jh94Z9p3Ovyf\/51Rzop6C60adFrCphOlM541bZTXsFU4IkEYA==","type":"client","expiresAt":"2017-10-19T16:17:56Z","expiresIn":86400,"projectId":"582ee475bbafcddb048b4595"}}
2017/10/18 18:17:56:786  {
  "grantType" : "auth_user",
  "credentials" : {
    "clientToken" : "1.Nn6qyIsAeplOf2wgdun8nu8mRTH2a+s\/8SI9V7NwfQ\/d9c+Y7oXiCO6oFTS2nHEzOmmrmIknbmv1F9T2fP58Qy6cA63d86WnV6y+1Jh94Z9p3Ovyf\/51Rzop6C60adFrCphOlM541bZTXsFU4IkEYA==",
    "vendorId" : "1AC84740-0688-4E6A-86B0-0CF0EF5C12B7",
    "advertiserId" : "2046E0BD-E175-4C0C-BF66-2C6C2E00A0EA"
  }
}
2017/10/18 18:17:56:787  -- REQUEST: accessToken --
2017/10/18 18:17:56:787  URL: https://sdk.s.orchextra.io/v1/security/token
2017/10/18 18:17:56:787  Body (319): {"grantType":"auth_user","credentials":{"clientToken":"1.Nn6qyIsAeplOf2wgdun8nu8mRTH2a+s\/8SI9V7NwfQ\/d9c+Y7oXiCO6oFTS2nHEzOmmrmIknbmv1F9T2fP58Qy6cA63d86WnV6y+1Jh94Z9p3Ovyf\/51Rzop6C60adFrCphOlM541bZTXsFU4IkEYA==","vendorId":"1AC84740-0688-4E6A-86B0-0CF0EF5C12B7","advertiserId":"2046E0BD-E175-4C0C-BF66-2C6C2E00A0EA"}}
2017/10/18 18:17:56:867  -- RESPONSE: accessToken --
2017/10/18 18:17:56:867  URL: https://sdk.s.orchextra.io/v1/security/token
2017/10/18 18:17:56:867  Status Code: 200
2017/10/18 18:17:56:867  Body (378): {"status":true,"data":{"value":"1.vamIrN0el44yhQrSZWfhaFBF5WDiUSHekwUsY2\/OQEI3gLEGX3MlBC4fM26ixU2gVcc3ezUbNny\/btNV4eMM2EiLx9WMjDzqssKf2uc2q3KQkM\/PYqES\/tZjRdul3EGhxY\/ffLX5Eug14iURqL+3wZB0cZVDIAy7TkfCiWj2yu8Twcz+udc6jA7NoUQxiP6p","type":"access","expiresAt":"2017-10-19T16:17:56Z","expiresIn":86400,"projectId":"582ee475bbafcddb048b4595","userId":"59e77eb414fb5fef568b48b9"}}
2017/10/18 18:17:56:949  Beacon_Region to register: 0
2017/10/18 18:17:56:949  Geofences to register: 0
2017/10/18 18:17:56:954   ---  ORCHEXTRA INFO --- 
2017/10/18 18:17:56:954   ---  SDK Version: 2.1.7
2017/10/18 18:17:56:954   ---  Endpoint SDK: https://sdk.s.orchextra.io
2017/10/18 18:17:56:955  LOADED PROJECT WITH: 
2017/10/18 18:17:56:955  - APIKEY: adfc8ba4340828a054bf061f692707a197af96cb
2017/10/18 18:17:56:955  - API SECRET: 677cf75a17aeec144ee402c281ad3a732d736a8a
2017/10/18 18:17:56:960  Authorization denied we can't get start location services.
2017/10/18 18:17:57:079  applicationDidBecomeActive
2017/10/18 18:17:58:447  applicationWillResignActive
2017/10/18 18:17:59:994  applicationDidBecomeActive
2017/10/18 18:18:00:061  There are not regions to register.
2017/10/18 18:19:36:735   - Configuration Body: {
  "app" : {
    "appVersion" : "1.0",
    "bundleId" : "com.orchextra.ocmdemo",
    "buildVersion" : "3"
  },
  "device" : {
    "handset" : "iPhone 6s Plus",
    "os" : "iOS",
    "timeZone" : "Europe\/Madrid",
    "advertiserId" : "2046E0BD-E175-4C0C-BF66-2C6C2E00A0EA",
    "osVersion" : "11.0",
    "vendorId" : "1AC84740-0688-4E6A-86B0-0CF0EF5C12B7",
    "businessUnits" : [
      "it"
    ],
    "languaje" : "en_ES",
    "tags" : [

    ]
  }
}
2017/10/18 18:19:36:738   - Configuration Body: {
  "app" : {
    "appVersion" : "1.0",
    "bundleId" : "com.orchextra.ocmdemo",
    "buildVersion" : "3"
  },
  "device" : {
    "handset" : "iPhone 6s Plus",
    "os" : "iOS",
    "timeZone" : "Europe\/Madrid",
    "advertiserId" : "2046E0BD-E175-4C0C-BF66-2C6C2E00A0EA",
    "osVersion" : "11.0",
    "vendorId" : "1AC84740-0688-4E6A-86B0-0CF0EF5C12B7",
    "businessUnits" : [
      "it"
    ],
    "languaje" : "en_ES",
    "tags" : [

    ]
  }
}
2017/10/18 18:19:37:022   - Configuration Response: {
    data =     {
        availableCustomFields =         {
            email =             {
                label = Email;
                type = string;
            };
            name =             {
                label = Name;
                type = string;
            };
            surname =             {
                label = Surname;
                type = string;
            };
        };
        crm =         {
            birthDate = "";
            businessUnits =             (
            );
            customFields = "<null>";
            gender = "<null>";
            tags =             (
            );
        };
        device =         {
            businessUnits =             (
            );
            tags =             (
            );
        };
        eddystoneRegions =         (
                        {
                code = 59e496f714fb5f45468b47ca;
                namespace = 636f6b65634063656575;
                notifyOnEntry = 1;
                notifyOnExit = 1;
            }
        );
        geoMarketing =         (
        );
        proximity =         (
        );
        requestWaitTime = 120;
        theme =         {
            primaryColor = "#330000";
            secondaryColor = "#331111";
        };
    };
    status = 1;
}
2017/10/18 18:19:37:022  Beacon_Region to register: 0
2017/10/18 18:19:37:022  Geofences to register: 0
2017/10/18 18:19:37:178  Beacon_Region to register: 0
2017/10/18 18:19:37:178  Geofences to register: 0
2017/10/18 18:19:37:180   ---  ORCHEXTRA INFO --- 
2017/10/18 18:19:37:180   ---  SDK Version: 2.1.7
2017/10/18 18:19:37:180   ---  Endpoint SDK: https://sdk.s.orchextra.io
2017/10/18 18:19:37:180  LOADED PROJECT WITH: 
2017/10/18 18:19:37:180  - APIKEY: adfc8ba4340828a054bf061f692707a197af96cb
2017/10/18 18:19:37:180  - API SECRET: 677cf75a17aeec144ee402c281ad3a732d736a8a
2017/10/18 18:19:37:188  There are not regions to register.
2017/10/18 18:19:38:163   - Configuration Body: {
  "geoLocation" : {
    "point" : {
      "lat" : 41.902926999999998,
      "lng" : 12.496055999999999
    }
  }
}
2017/10/18 18:19:38:293  Geofence - currentEvent: Null
2017/10/18 18:19:38:293   - Configuration Response: {
    data =     {
        availableCustomFields =         {
            email =             {
                label = Email;
                type = string;
            };
            name =             {
                label = Name;
                type = string;
            };
            surname =             {
                label = Surname;
                type = string;
            };
        };
        crm =         {
            birthDate = "";
            businessUnits =             (
            );
            customFields = "<null>";
            gender = "<null>";
            tags =             (
            );
        };
        device =         {
            businessUnits =             (
            );
            tags =             (
            );
        };
        eddystoneRegions =         (
                        {
                code = 59e496f714fb5f45468b47ca;
                namespace = 636f6b65634063656575;
                notifyOnEntry = 1;
                notifyOnExit = 1;
            }
        );
        geoMarketing =         (
                        {
                code = 58a6b458bbafcd07058b461c;
                notifyOnEntry = 1;
                notifyOnExit = 1;
                point =                 {
                    lat = "40.436757767946";
                    lng = "-3.6838172809032";
                };
                radius = 2163;
                stayTime = 0;
            }
        );
        proximity =         (
        );
        requestWaitTime = 120;
        theme =         {
            primaryColor = "#330000";
            secondaryColor = "#331111";
        };
    };
    status = 1;
}
2017/10/18 18:19:38:293  Beacon_Region to register: 0
2017/10/18 18:19:38:293  Geofences to register: 1
2017/10/18 18:19:38:308  Monitoring Geofence: 58a6b458bbafcd07058b461c  -> Remaining: 19
2017/10/18 18:20:07:227   - Configuration Body: {
  "app" : {
    "appVersion" : "1.0",
    "bundleId" : "com.orchextra.ocmdemo",
    "buildVersion" : "3"
  },
  "device" : {
    "handset" : "iPhone 6s Plus",
    "os" : "iOS",
    "timeZone" : "Europe\/Madrid",
    "advertiserId" : "2046E0BD-E175-4C0C-BF66-2C6C2E00A0EA",
    "osVersion" : "11.0",
    "vendorId" : "1AC84740-0688-4E6A-86B0-0CF0EF5C12B7",
    "businessUnits" : [
      "it"
    ],
    "languaje" : "en_ES",
    "tags" : [

    ]
  },
  "geoLocation" : {
    "countryCode" : "IT",
    "locality" : "Rome",
    "country" : "Italy",
    "street" : "Piazza della Repubblica",
    "zip" : "00185",
    "point" : {
      "lat" : 41.902926999999998,
      "lng" : 12.496055999999999
    }
  }
}
2017/10/18 18:20:07:232   - Configuration Body: {
  "app" : {
    "appVersion" : "1.0",
    "bundleId" : "com.orchextra.ocmdemo",
    "buildVersion" : "3"
  },
  "device" : {
    "handset" : "iPhone 6s Plus",
    "os" : "iOS",
    "timeZone" : "Europe\/Madrid",
    "advertiserId" : "2046E0BD-E175-4C0C-BF66-2C6C2E00A0EA",
    "osVersion" : "11.0",
    "vendorId" : "1AC84740-0688-4E6A-86B0-0CF0EF5C12B7",
    "businessUnits" : [
      "it"
    ],
    "languaje" : "en_ES",
    "tags" : [

    ]
  },
  "geoLocation" : {
    "countryCode" : "IT",
    "locality" : "Rome",
    "country" : "Italy",
    "street" : "Piazza della Repubblica",
    "zip" : "00185",
    "point" : {
      "lat" : 41.902926999999998,
      "lng" : 12.496055999999999
    }
  }
}
2017/10/18 18:20:07:555  Geofence - currentEvent: Null
2017/10/18 18:20:07:556   - Configuration Response: {
    data =     {
        availableCustomFields =         {
            email =             {
                label = Email;
                type = string;
            };
            name =             {
                label = Name;
                type = string;
            };
            surname =             {
                label = Surname;
                type = string;
            };
        };
        crm =         {
            birthDate = "";
            businessUnits =             (
            );
            customFields = "<null>";
            gender = "<null>";
            tags =             (
            );
        };
        device =         {
            businessUnits =             (
            );
            tags =             (
            );
        };
        eddystoneRegions =         (
                        {
                code = 59e496f714fb5f45468b47ca;
                namespace = 636f6b65634063656575;
                notifyOnEntry = 1;
                notifyOnExit = 1;
            }
        );
        geoMarketing =         (
                        {
                code = 58a6b458bbafcd07058b461c;
                notifyOnEntry = 1;
                notifyOnExit = 1;
                point =                 {
                    lat = "40.436757767946";
                    lng = "-3.6838172809032";
                };
                radius = 2163;
                stayTime = 0;
            }
        );
        proximity =         (
        );
        requestWaitTime = 120;
        theme =         {
            primaryColor = "#330000";
            secondaryColor = "#331111";
        };
    };
    status = 1;
}
2017/10/18 18:20:07:556  Beacon_Region to register: 0
2017/10/18 18:20:07:556  Geofences to register: 1
2017/10/18 18:20:07:703  Geofence - currentEvent: Null
2017/10/18 18:20:07:703  Beacon_Region to register: 0
2017/10/18 18:20:07:703  Geofences to register: 1
2017/10/18 18:20:07:705   ---  ORCHEXTRA INFO --- 
2017/10/18 18:20:07:705   ---  SDK Version: 2.1.7
2017/10/18 18:20:07:705   ---  Endpoint SDK: https://sdk.s.orchextra.io
2017/10/18 18:20:07:705  LOADED PROJECT WITH: 
2017/10/18 18:20:07:705  - APIKEY: adfc8ba4340828a054bf061f692707a197af96cb
2017/10/18 18:20:07:705  - API SECRET: 677cf75a17aeec144ee402c281ad3a732d736a8a
2017/10/18 18:20:07:719  Monitoring Geofence: 58a6b458bbafcd07058b461c  -> Remaining: 19
2017/10/18 18:21:21:557   - Configuration Body: {
  "app" : {
    "appVersion" : "1.0",
    "bundleId" : "com.orchextra.ocmdemo",
    "buildVersion" : "3"
  },
  "device" : {
    "handset" : "iPhone 6s Plus",
    "os" : "iOS",
    "timeZone" : "Europe\/Madrid",
    "advertiserId" : "2046E0BD-E175-4C0C-BF66-2C6C2E00A0EA",
    "osVersion" : "11.0",
    "vendorId" : "1AC84740-0688-4E6A-86B0-0CF0EF5C12B7",
    "businessUnits" : [
      "it"
    ],
    "languaje" : "en_ES",
    "tags" : [

    ]
  },
  "geoLocation" : {
    "countryCode" : "IT",
    "locality" : "Rome",
    "country" : "Italy",
    "street" : "Piazza della Repubblica",
    "zip" : "00185",
    "point" : {
      "lat" : 41.902926999999998,
      "lng" : 12.496055999999999
    }
  }
}
2017/10/18 18:21:21:561   - Configuration Body: {
  "app" : {
    "appVersion" : "1.0",
    "bundleId" : "com.orchextra.ocmdemo",
    "buildVersion" : "3"
  },
  "device" : {
    "handset" : "iPhone 6s Plus",
    "os" : "iOS",
    "timeZone" : "Europe\/Madrid",
    "advertiserId" : "2046E0BD-E175-4C0C-BF66-2C6C2E00A0EA",
    "osVersion" : "11.0",
    "vendorId" : "1AC84740-0688-4E6A-86B0-0CF0EF5C12B7",
    "businessUnits" : [
      "it"
    ],
    "languaje" : "en_ES",
    "tags" : [

    ]
  },
  "geoLocation" : {
    "countryCode" : "IT",
    "locality" : "Rome",
    "country" : "Italy",
    "street" : "Piazza della Repubblica",
    "zip" : "00185",
    "point" : {
      "lat" : 41.902926999999998,
      "lng" : 12.496055999999999
    }
  }
}
2017/10/18 18:21:21:865  Geofence - currentEvent: Null
2017/10/18 18:21:21:866   - Configuration Response: {
    data =     {
        availableCustomFields =         {
            email =             {
                label = Email;
                type = string;
            };
            name =             {
                label = Name;
                type = string;
            };
            surname =             {
                label = Surname;
                type = string;
            };
        };
        crm =         {
            birthDate = "";
            businessUnits =             (
            );
            customFields = "<null>";
            gender = "<null>";
            tags =             (
            );
        };
        device =         {
            businessUnits =             (
            );
            tags =             (
            );
        };
        eddystoneRegions =         (
                        {
                code = 59e496f714fb5f45468b47ca;
                namespace = 636f6b65634063656575;
                notifyOnEntry = 1;
                notifyOnExit = 1;
            }
        );
        geoMarketing =         (
                        {
                code = 58a6b458bbafcd07058b461c;
                notifyOnEntry = 1;
                notifyOnExit = 1;
                point =                 {
                    lat = "40.436757767946";
                    lng = "-3.6838172809032";
                };
                radius = 2163;
                stayTime = 0;
            }
        );
        proximity =         (
        );
        requestWaitTime = 120;
        theme =         {
            primaryColor = "#330000";
            secondaryColor = "#331111";
        };
    };
    status = 1;
}
2017/10/18 18:21:21:866  Beacon_Region to register: 0
2017/10/18 18:21:21:866  Geofences to register: 1
2017/10/18 18:21:22:015  Geofence - currentEvent: Null
2017/10/18 18:21:22:015  Beacon_Region to register: 0
2017/10/18 18:21:22:015  Geofences to register: 1
2017/10/18 18:21:22:018   ---  ORCHEXTRA INFO --- 
2017/10/18 18:21:22:018   ---  SDK Version: 2.1.7
2017/10/18 18:21:22:018   ---  Endpoint SDK: https://sdk.s.orchextra.io
2017/10/18 18:21:22:018  LOADED PROJECT WITH: 
2017/10/18 18:21:22:018  - APIKEY: adfc8ba4340828a054bf061f692707a197af96cb
2017/10/18 18:21:22:018  - API SECRET: 677cf75a17aeec144ee402c281ad3a732d736a8a
2017/10/18 18:21:22:033  Monitoring Geofence: 58a6b458bbafcd07058b461c  -> Remaining: 19
2017/10/18 18:23:40:577   - Configuration Body: {
  "app" : {
    "appVersion" : "1.0",
    "bundleId" : "com.orchextra.ocmdemo",
    "buildVersion" : "3"
  },
  "device" : {
    "handset" : "iPhone 6s Plus",
    "os" : "iOS",
    "timeZone" : "Europe\/Madrid",
    "advertiserId" : "2046E0BD-E175-4C0C-BF66-2C6C2E00A0EA",
    "osVersion" : "11.0",
    "vendorId" : "1AC84740-0688-4E6A-86B0-0CF0EF5C12B7",
    "businessUnits" : [
      "it"
    ],
    "languaje" : "en_ES",
    "tags" : [

    ]
  },
  "geoLocation" : {
    "countryCode" : "IT",
    "locality" : "Rome",
    "country" : "Italy",
    "street" : "Piazza della Repubblica",
    "zip" : "00185",
    "point" : {
      "lat" : 41.902926999999998,
      "lng" : 12.496055999999999
    }
  }
}
2017/10/18 18:23:40:582   - Configuration Body: {
  "app" : {
    "appVersion" : "1.0",
    "bundleId" : "com.orchextra.ocmdemo",
    "buildVersion" : "3"
  },
  "device" : {
    "handset" : "iPhone 6s Plus",
    "os" : "iOS",
    "timeZone" : "Europe\/Madrid",
    "advertiserId" : "2046E0BD-E175-4C0C-BF66-2C6C2E00A0EA",
    "osVersion" : "11.0",
    "vendorId" : "1AC84740-0688-4E6A-86B0-0CF0EF5C12B7",
    "businessUnits" : [
      "it"
    ],
    "languaje" : "en_ES",
    "tags" : [

    ]
  },
  "geoLocation" : {
    "countryCode" : "IT",
    "locality" : "Rome",
    "country" : "Italy",
    "street" : "Piazza della Repubblica",
    "zip" : "00185",
    "point" : {
      "lat" : 41.902926999999998,
      "lng" : 12.496055999999999
    }
  }
}
2017/10/18 18:23:40:897  Geofence - currentEvent: Null
2017/10/18 18:23:40:898   - Configuration Response: {
    data =     {
        availableCustomFields =         {
            email =             {
                label = Email;
                type = string;
            };
            name =             {
                label = Name;
                type = string;
            };
            surname =             {
                label = Surname;
                type = string;
            };
        };
        crm =         {
            birthDate = "";
            businessUnits =             (
            );
            customFields = "<null>";
            gender = "<null>";
            tags =             (
            );
        };
        device =         {
            businessUnits =             (
            );
            tags =             (
            );
        };
        eddystoneRegions =         (
                        {
                code = 59e496f714fb5f45468b47ca;
                namespace = 636f6b65634063656575;
                notifyOnEntry = 1;
                notifyOnExit = 1;
            }
        );
        geoMarketing =         (
                        {
                code = 58a6b458bbafcd07058b461c;
                notifyOnEntry = 1;
                notifyOnExit = 1;
                point =                 {
                    lat = "40.436757767946";
                    lng = "-3.6838172809032";
                };
                radius = 2163;
                stayTime = 0;
            }
        );
        proximity =         (
        );
        requestWaitTime = 120;
        theme =         {
            primaryColor = "#330000";
            secondaryColor = "#331111";
        };
    };
    status = 1;
}
2017/10/18 18:23:40:898  Beacon_Region to register: 0
2017/10/18 18:23:40:898  Geofences to register: 1
2017/10/18 18:23:41:047  Geofence - currentEvent: Null
2017/10/18 18:23:41:048  Beacon_Region to register: 0
2017/10/18 18:23:41:048  Geofences to register: 1
2017/10/18 18:23:41:049   ---  ORCHEXTRA INFO --- 
2017/10/18 18:23:41:049   ---  SDK Version: 2.1.7
2017/10/18 18:23:41:049   ---  Endpoint SDK: https://sdk.s.orchextra.io
2017/10/18 18:23:41:049  LOADED PROJECT WITH: 
2017/10/18 18:23:41:049  - APIKEY: adfc8ba4340828a054bf061f692707a197af96cb
2017/10/18 18:23:41:049  - API SECRET: 677cf75a17aeec144ee402c281ad3a732d736a8a
2017/10/18 18:23:41:062  Monitoring Geofence: 58a6b458bbafcd07058b461c  -> Remaining: 19
